2023.05.07 16:41:22 INFO  Started: Metals version 0.11.12 in workspace '/home/vitorcapela/SynologyDrive/Dropbox/Projects/airbnbeast' for client Visual Studio Code 1.78.0.[0m
mai 07, 2023 4:41:22 PM org.flywaydb.core.internal.license.VersionPrinter printVersionOnly
INFO: Flyway Community Edition 9.16.3 by Redgate
mai 07, 2023 4:41:22 PM org.flywaydb.core.internal.license.VersionPrinter printVersion
INFO: See release notes here: https://rd.gt/416ObMi
mai 07, 2023 4:41:22 PM org.flywaydb.core.internal.license.VersionPrinter printVersion
INFO: 
mai 07, 2023 4:41:22 PM org.flywaydb.core.internal.database.base.BaseDatabaseType createDatabase
INFO: Database: jdbc:h2:file:/home/vitorcapela/SynologyDrive/Dropbox/Projects/airbnbeast/.metals/metals (H2 2.1)
mai 07, 2023 4:41:22 PM org.flywaydb.core.internal.schemahistory.JdbcTableSchemaHistory allAppliedMigrations
INFO: Schema history table "PUBLIC"."flyway_schema_history" does not exist yet
mai 07, 2023 4:41:22 PM org.flywaydb.core.internal.command.DbValidate validate
INFO: Successfully validated 4 migrations (execution time 00:00.020s)
mai 07, 2023 4:41:22 PM org.flywaydb.core.internal.schemahistory.JdbcTableSchemaHistory create
INFO: Creating Schema History table "PUBLIC"."flyway_schema_history" ...
mai 07, 2023 4:41:22 PM org.flywaydb.core.internal.command.DbMigrate migrateGroup
INFO: Current version of schema "PUBLIC": << Empty Schema >>
mai 07, 2023 4:41:22 PM org.flywaydb.core.internal.command.DbMigrate doMigrateGroup
INFO: Migrating schema "PUBLIC" to version "1 - Create tables"
mai 07, 2023 4:41:23 PM org.flywaydb.core.internal.command.DbMigrate doMigrateGroup
INFO: Migrating schema "PUBLIC" to version "2 - Server discovery"
mai 07, 2023 4:41:23 PM org.flywaydb.core.internal.command.DbMigrate doMigrateGroup
INFO: Migrating schema "PUBLIC" to version "3 - Jar symbols"
mai 07, 2023 4:41:23 PM org.flywaydb.core.internal.command.DbMigrate doMigrateGroup
INFO: Migrating schema "PUBLIC" to version "4 - Fingerprints"
mai 07, 2023 4:41:23 PM org.flywaydb.core.internal.command.DbMigrate logSummary
INFO: Successfully applied 4 migrations to schema "PUBLIC", now at version v4 (execution time 00:00.046s)
2023.05.07 16:41:23 INFO  time: initialize in 0.56s[0m
2023.05.07 16:41:24 WARN  Build server is not auto-connectable.[0m
2023.05.07 16:41:24 WARN  no build tool detected in workspace '/home/vitorcapela/SynologyDrive/Dropbox/Projects/airbnbeast'. The most common cause for this problem is that the editor was opened in the wrong working directory, for example if you use sbt then the workspace directory should contain build.sbt. [0m
